2016/02/23 12:15:43 にビルドを開始しました。
     1>ノード 2 上のプロジェクト "C:\Users\e1c13109\Desktop\WinOGL\WinOGL\WinOGL.vcxproj" (Build ターゲット)。
     1>ClCompile:
         C:\Program Files (x86)\Microsoft Visual Studio 12.0\VC\bin\CL.exe /c /ZI /nologo /W3 /WX- /sdl /Od /Oy- /D WIN32 /D _WINDOWS /D _DEBUG /D _UNICODE /D UNICODE /D _AFXDLL /Gm /EHsc /RTC1 /MDd /GS /fp:precise /Zc:wchar_t /Zc:forScope /Yu"stdafx.h" /Fp"Debug\WinOGL.pch" /Fo"Debug\\" /Fd"Debug\vc120.pdb" /Gd /TP /analyze- /errorReport:prompt WinOGLView.cpp
         WinOGLView.cpp
     1>c:\users\e1c13109\desktop\winogl\winogl\winoglview.cpp(546): warning C4305: '引数' : 'double' から 'float' へ切り詰めます。
       Link:
         C:\Program Files (x86)\Microsoft Visual Studio 12.0\VC\bin\link.exe /ERRORREPORT:PROMPT /OUT:"C:\Users\e1c13109\Desktop\WinOGL\Debug\WinOGL.exe" /INCREMENTAL /NOLOGO OpenGL32.lib /MANIFEST /MANIFESTUAC:"level='asInvoker' uiAccess='false'" /manifest:embed /manifestinput:"C:\Program Files (x86)\Microsoft Visual Studio 12.0\VC\Include\Manifest\dpiaware.manifest" /DEBUG /PDB:"C:\Users\e1c13109\Desktop\WinOGL\Debug\WinOGL.pdb" /SUBSYSTEM:WINDOWS /TLBID:1 /ENTRY:"wWinMainCRTStartup" /DYNAMICBASE /NXCOMPAT /IMPLIB:"C:\Users\e1c13109\Desktop\WinOGL\Debug\WinOGL.lib" /MACHINE:X86 Debug\WinOGL.res
         Debug\ACDraw.obj
         Debug\ACMath.obj
         Debug\AdminControl.obj
         Debug\DChangeHigh.obj
         Debug\DColor.obj
         Debug\MainFrm.obj
         Debug\Shape.obj
         Debug\stdafx.obj
         Debug\Triangle.obj
         Debug\Vector.obj
         Debug\Vertex.obj
         Debug\WinOGL.obj
         Debug\WinOGLDoc.obj
         Debug\WinOGLView.obj
         WinOGL.vcxproj -> C:\Users\e1c13109\Desktop\WinOGL\Debug\WinOGL.exe
     1>プロジェクト "C:\Users\e1c13109\Desktop\WinOGL\WinOGL\WinOGL.vcxproj" (Build ターゲット) のビルドが完了しました。

ビルドに成功しました。

経過時間 00:00:01.23
