2017/12/14 16:18:21 にビルドを開始しました。
     1>ノード 2 上のプロジェクト "C:\Users\sumiya\Desktop\WinOGL（最終発表）\WinOGL\WinOGL\WinOGL.vcxproj" (Build ターゲット)。
     1>ResourceCompile:
         C:\Program Files (x86)\Windows Kits\8.1\bin\x86\rc.exe /D _DEBUG /D _UNICODE /D UNICODE /D _AFXDLL /l"0x0411" /IDebug\ /nologo /fo"Debug\WinOGL.res" WinOGL.rc 
       Link:
         C:\Program Files (x86)\Microsoft Visual Studio 12.0\VC\bin\link.exe /ERRORREPORT:PROMPT /OUT:"C:\Users\sumiya\Desktop\WinOGL（最終発表）\WinOGL\Debug\WinOGL.exe" /INCREMENTAL /NOLOGO OpenGL32.lib /MANIFEST /MANIFESTUAC:"level='asInvoker' uiAccess='false'" /manifest:embed /manifestinput:"C:\Program Files (x86)\Microsoft Visual Studio 12.0\VC\Include\Manifest\dpiaware.manifest" /DEBUG /PDB:"C:\Users\sumiya\Desktop\WinOGL（最終発表）\WinOGL\Debug\WinOGL.pdb" /SUBSYSTEM:WINDOWS /TLBID:1 /ENTRY:"wWinMainCRTStartup" /DYNAMICBASE /NXCOMPAT /IMPLIB:"C:\Users\sumiya\Desktop\WinOGL（最終発表）\WinOGL\Debug\WinOGL.lib" /MACHINE:X86 Debug\WinOGL.res
         Debug\ACDraw.obj
         Debug\ACMath.obj
         Debug\AdminControl.obj
         Debug\DChangeHigh.obj
         Debug\DColor.obj
         Debug\MainFrm.obj
         Debug\Shape.obj
         Debug\stdafx.obj
         Debug\Triangle.obj
         Debug\Vector.obj
         Debug\Vertex.obj
         Debug\WinOGL.obj
         Debug\WinOGLDoc.obj
         Debug\WinOGLView.obj
         WinOGL.vcxproj -> C:\Users\sumiya\Desktop\WinOGL（最終発表）\WinOGL\Debug\WinOGL.exe
     1>プロジェクト "C:\Users\sumiya\Desktop\WinOGL（最終発表）\WinOGL\WinOGL\WinOGL.vcxproj" (Build ターゲット) のビルドが完了しました。

ビルドに成功しました。

経過時間 00:00:00.75
